2025-08-19 23:59:15,167 - INFO - TerminalX 자격 증명 로드 완료
2025-08-19 23:59:15,167 - INFO - === 진짜 TerminalX 완전 파이프라인 시작 ===
2025-08-19 23:59:16,261 - INFO - Chrome 브라우저 설정 완료
2025-08-19 23:59:16,261 - INFO - === TerminalX 실제 로그인 시작 ===
2025-08-19 23:59:16,261 - INFO - 1. TerminalX 메인 페이지 접근...
2025-08-19 23:59:23,123 - INFO - 현재 URL: https://theterminalx.com/agent/enterprise
2025-08-19 23:59:23,123 - INFO - 2. 로그인 버튼 찾는 중...
2025-08-19 23:59:23,897 - INFO - 로그인 버튼 클릭 완료
2025-08-19 23:59:26,898 - INFO - 3. 로그인 폼 입력...
2025-08-19 23:59:27,026 - INFO - 이메일 입력:  meanstomakemewealthy@naver.com
2025-08-19 23:59:27,087 - INFO - 비밀번호 입력 완료
2025-08-19 23:59:27,126 - INFO - 로그인 실행
2025-08-19 23:59:27,127 - INFO - 5. 로그인 성공 확인...
2025-08-19 23:59:28,657 - INFO - === TerminalX 로그인 성공! ===
2025-08-19 23:59:30,657 - INFO - === 메인 보고서 6개 생성 시작 ===
2025-08-19 23:59:30,657 - INFO - --- Part1 보고서 1/3 생성 ---
2025-08-19 23:59:30,657 - INFO - 1. 보고서 생성 폼 접근...
2025-08-19 23:59:36,166 - INFO - 현재 URL: https://theterminalx.com/agent/enterprise/report/form/10
2025-08-19 23:59:36,166 - INFO - 2. 보고서 제목 입력...
2025-08-19 23:59:36,335 - INFO - 제목 입력: 20250819 100x Daily Wrap Part1 - Report 1
2025-08-19 23:59:36,335 - INFO - 3. 참조 날짜 설정...
2025-08-19 23:59:36,335 - INFO - 4. 프롬프트 내용 입력...
2025-08-20 00:00:03,201 - INFO - 프롬프트 내용 입력 완료
2025-08-20 00:00:03,201 - INFO - 5. 파일 업로드 건너뛰기...
2025-08-20 00:00:03,201 - INFO - 6. 보고서 생성 실행...
2025-08-20 00:00:13,438 - ERROR - 보고서 생성 버튼 클릭 실패: Message: 

2025-08-20 00:00:13,438 - ERROR - ❌ Part1 보고서 1 생성 실패
2025-08-20 00:00:16,440 - INFO - --- Part1 보고서 2/3 생성 ---
2025-08-20 00:00:16,440 - INFO - 1. 보고서 생성 폼 접근...
2025-08-20 00:00:22,152 - INFO - 현재 URL: https://theterminalx.com/agent/enterprise/report/form/10
2025-08-20 00:00:22,152 - INFO - 2. 보고서 제목 입력...
2025-08-20 00:00:22,352 - INFO - 제목 입력: 20250819 100x Daily Wrap Part1 - Report 2
2025-08-20 00:00:22,352 - INFO - 3. 참조 날짜 설정...
2025-08-20 00:00:22,352 - INFO - 4. 프롬프트 내용 입력...
2025-08-20 00:00:49,788 - INFO - 프롬프트 내용 입력 완료
2025-08-20 00:00:49,788 - INFO - 5. 파일 업로드 건너뛰기...
2025-08-20 00:00:49,788 - INFO - 6. 보고서 생성 실행...
2025-08-20 00:01:00,159 - ERROR - 보고서 생성 버튼 클릭 실패: Message: 

2025-08-20 00:01:00,159 - ERROR - ❌ Part1 보고서 2 생성 실패
2025-08-20 00:01:03,160 - INFO - --- Part1 보고서 3/3 생성 ---
2025-08-20 00:01:03,160 - INFO - 1. 보고서 생성 폼 접근...
2025-08-20 00:01:08,855 - INFO - 현재 URL: https://theterminalx.com/agent/enterprise/report/form/10
2025-08-20 00:01:08,855 - INFO - 2. 보고서 제목 입력...
2025-08-20 00:01:09,146 - INFO - 제목 입력: 20250819 100x Daily Wrap Part1 - Report 3
2025-08-20 00:01:09,146 - INFO - 3. 참조 날짜 설정...
2025-08-20 00:01:09,146 - INFO - 4. 프롬프트 내용 입력...
2025-08-20 00:01:33,302 - INFO - 프롬프트 내용 입력 완료
2025-08-20 00:01:33,302 - INFO - 5. 파일 업로드 건너뛰기...
2025-08-20 00:01:33,302 - INFO - 6. 보고서 생성 실행...
2025-08-20 00:01:46,185 - ERROR - 보고서 생성 버튼 클릭 실패: Message: 

2025-08-20 00:01:46,185 - ERROR - ❌ Part1 보고서 3 생성 실패
2025-08-20 00:01:49,186 - INFO - --- Part2 보고서 1/3 생성 ---
2025-08-20 00:01:49,186 - INFO - 1. 보고서 생성 폼 접근...
