2025-08-20 11:17:15,276 - INFO - TerminalX 자격 증명 로드 완료
2025-08-20 11:17:15,276 - INFO - === 진짜 TerminalX 완전 파이프라인 시작 ===
2025-08-20 11:17:17,311 - INFO - Chrome 브라우저 설정 완료
2025-08-20 11:17:17,311 - INFO - === TerminalX 실제 로그인 시작 ===
2025-08-20 11:17:17,311 - INFO - 1. TerminalX 메인 페이지 접근...
2025-08-20 11:17:24,397 - INFO - 현재 URL: https://theterminalx.com/agent/enterprise
2025-08-20 11:17:24,397 - INFO - 2. 로그인 버튼 찾는 중...
2025-08-20 11:17:25,347 - INFO - 로그인 버튼 클릭 완료
2025-08-20 11:17:28,348 - INFO - 3. 로그인 폼 입력...
2025-08-20 11:17:28,623 - INFO - 이메일 입력:  meanstomakemewealthy@naver.com
2025-08-20 11:17:28,731 - INFO - 비밀번호 입력 완료
2025-08-20 11:17:28,793 - INFO - 로그인 실행
2025-08-20 11:17:28,793 - INFO - 5. 로그인 성공 확인...
2025-08-20 11:17:30,336 - INFO - === TerminalX 로그인 성공! ===
2025-08-20 11:17:32,337 - INFO - === 메인 보고서 6개 생성 시작 ===
2025-08-20 11:17:32,337 - INFO - --- Part1 보고서 1/3 생성 ---
2025-08-20 11:17:32,337 - INFO - 1. 보고서 생성 폼 접근...
2025-08-20 11:17:37,930 - INFO - 현재 URL: https://theterminalx.com/agent/enterprise/report/form/10
2025-08-20 11:17:37,930 - INFO - 2. 보고서 제목 입력...
2025-08-20 11:17:38,266 - INFO - 제목 입력: 20250820 100x Daily Wrap Part1 - Report 1
2025-08-20 11:17:38,266 - INFO - 3. 참조 날짜 설정...
2025-08-20 11:17:38,267 - INFO - 4. 프롬프트 내용 입력...
2025-08-20 11:18:30,481 - INFO - 프롬프트 내용 입력 완료
2025-08-20 11:18:30,481 - INFO - 5. PDF 파일 업로드...
2025-08-20 11:18:30,588 - INFO - Source PDF 업로드: 10_100x_Daily_Wrap_My_Sources_1_20250723.pdf
2025-08-20 11:18:30,637 - INFO - Prompt PDF 업로드: 21_100x_Daily_Wrap_Prompt_1_20250723.pdf
2025-08-20 11:18:32,638 - INFO - 6. 보고서 생성 실행...
2025-08-20 11:18:32,748 - INFO - 보고서 생성 버튼 클릭
2025-08-20 11:18:37,754 - INFO - 생성 후 URL: https://theterminalx.com/agent/enterprise/report/1198
2025-08-20 11:18:37,754 - INFO - ✅ 보고서 생성 시작 확인: https://theterminalx.com/agent/enterprise/report/1198
2025-08-20 11:18:37,754 - INFO - ✅ Part1 보고서 1 생성 성공
2025-08-20 11:18:40,754 - INFO - --- Part1 보고서 2/3 생성 ---
2025-08-20 11:18:40,755 - INFO - 1. 보고서 생성 폼 접근...
2025-08-20 11:18:46,622 - INFO - 현재 URL: https://theterminalx.com/agent/enterprise/report/form/10
2025-08-20 11:18:46,622 - INFO - 2. 보고서 제목 입력...
2025-08-20 11:18:46,910 - INFO - 제목 입력: 20250820 100x Daily Wrap Part1 - Report 2
2025-08-20 11:18:46,911 - INFO - 3. 참조 날짜 설정...
2025-08-20 11:18:46,911 - INFO - 4. 프롬프트 내용 입력...
2025-08-20 11:19:33,843 - INFO - 프롬프트 내용 입력 완료
2025-08-20 11:19:33,843 - INFO - 5. PDF 파일 업로드...
2025-08-20 11:19:33,929 - INFO - Source PDF 업로드: 10_100x_Daily_Wrap_My_Sources_1_20250723.pdf
2025-08-20 11:19:33,958 - INFO - Prompt PDF 업로드: 21_100x_Daily_Wrap_Prompt_1_20250723.pdf
2025-08-20 11:19:35,959 - INFO - 6. 보고서 생성 실행...
2025-08-20 11:19:36,031 - INFO - 보고서 생성 버튼 클릭
2025-08-20 11:19:41,036 - INFO - 생성 후 URL: https://theterminalx.com/agent/enterprise/report/1199
2025-08-20 11:19:41,036 - INFO - ✅ 보고서 생성 시작 확인: https://theterminalx.com/agent/enterprise/report/1199
2025-08-20 11:19:41,036 - INFO - ✅ Part1 보고서 2 생성 성공
2025-08-20 11:19:44,036 - INFO - --- Part1 보고서 3/3 생성 ---
2025-08-20 11:19:44,036 - INFO - 1. 보고서 생성 폼 접근...
2025-08-20 11:19:49,747 - INFO - 현재 URL: https://theterminalx.com/agent/enterprise/report/form/10
2025-08-20 11:19:49,747 - INFO - 2. 보고서 제목 입력...
2025-08-20 11:19:50,098 - INFO - 제목 입력: 20250820 100x Daily Wrap Part1 - Report 3
2025-08-20 11:19:50,098 - INFO - 3. 참조 날짜 설정...
2025-08-20 11:19:50,098 - INFO - 4. 프롬프트 내용 입력...
2025-08-20 11:20:41,893 - INFO - 프롬프트 내용 입력 완료
2025-08-20 11:20:41,894 - INFO - 5. PDF 파일 업로드...
2025-08-20 11:20:41,973 - INFO - Source PDF 업로드: 10_100x_Daily_Wrap_My_Sources_1_20250723.pdf
2025-08-20 11:20:42,012 - INFO - Prompt PDF 업로드: 21_100x_Daily_Wrap_Prompt_1_20250723.pdf
2025-08-20 11:20:44,013 - INFO - 6. 보고서 생성 실행...
2025-08-20 11:20:44,149 - INFO - 보고서 생성 버튼 클릭
2025-08-20 11:20:49,166 - INFO - 생성 후 URL: https://theterminalx.com/agent/enterprise/report/1200
2025-08-20 11:20:49,166 - INFO - ✅ 보고서 생성 시작 확인: https://theterminalx.com/agent/enterprise/report/1200
2025-08-20 11:20:49,166 - INFO - ✅ Part1 보고서 3 생성 성공
2025-08-20 11:20:52,167 - INFO - --- Part2 보고서 1/3 생성 ---
2025-08-20 11:20:52,167 - INFO - 1. 보고서 생성 폼 접근...
2025-08-20 11:20:58,050 - INFO - 현재 URL: https://theterminalx.com/agent/enterprise/report/form/10
2025-08-20 11:20:58,050 - INFO - 2. 보고서 제목 입력...
2025-08-20 11:20:58,793 - INFO - 제목 입력: 20250820 100x Daily Wrap Part2 - Report 1
2025-08-20 11:20:58,793 - INFO - 3. 참조 날짜 설정...
2025-08-20 11:20:58,793 - INFO - 4. 프롬프트 내용 입력...
2025-08-20 11:21:39,684 - INFO - 프롬프트 내용 입력 완료
2025-08-20 11:21:39,684 - INFO - 5. PDF 파일 업로드...
2025-08-20 11:21:58,077 - INFO - Source PDF 업로드: 10_100x_Daily_Wrap_My_Sources_2_20250709.pdf
2025-08-20 11:21:58,115 - INFO - Prompt PDF 업로드: 21_100x_Daily_Wrap_Prompt_2_20250708.pdf
2025-08-20 11:22:00,116 - INFO - 6. 보고서 생성 실행...
2025-08-20 11:22:00,212 - INFO - 보고서 생성 버튼 클릭
2025-08-20 11:22:05,219 - INFO - 생성 후 URL: https://theterminalx.com/agent/enterprise/report/1201
2025-08-20 11:22:05,219 - INFO - ✅ 보고서 생성 시작 확인: https://theterminalx.com/agent/enterprise/report/1201
2025-08-20 11:22:05,219 - INFO - ✅ Part2 보고서 1 생성 성공
2025-08-20 11:22:08,220 - INFO - --- Part2 보고서 2/3 생성 ---
2025-08-20 11:22:08,220 - INFO - 1. 보고서 생성 폼 접근...
2025-08-20 11:22:14,048 - INFO - 현재 URL: https://theterminalx.com/agent/enterprise/report/form/10
2025-08-20 11:22:14,048 - INFO - 2. 보고서 제목 입력...
2025-08-20 11:22:14,549 - INFO - 제목 입력: 20250820 100x Daily Wrap Part2 - Report 2
2025-08-20 11:22:14,549 - INFO - 3. 참조 날짜 설정...
2025-08-20 11:22:14,549 - INFO - 4. 프롬프트 내용 입력...
2025-08-20 11:22:59,442 - INFO - 프롬프트 내용 입력 완료
2025-08-20 11:22:59,442 - INFO - 5. PDF 파일 업로드...
2025-08-20 11:23:22,580 - INFO - Source PDF 업로드: 10_100x_Daily_Wrap_My_Sources_2_20250709.pdf
2025-08-20 11:23:22,626 - INFO - Prompt PDF 업로드: 21_100x_Daily_Wrap_Prompt_2_20250708.pdf
2025-08-20 11:23:24,626 - INFO - 6. 보고서 생성 실행...
2025-08-20 11:23:24,716 - INFO - 보고서 생성 버튼 클릭
2025-08-20 11:23:29,721 - INFO - 생성 후 URL: https://theterminalx.com/agent/enterprise/report/1202
2025-08-20 11:23:29,721 - INFO - ✅ 보고서 생성 시작 확인: https://theterminalx.com/agent/enterprise/report/1202
2025-08-20 11:23:29,721 - INFO - ✅ Part2 보고서 2 생성 성공
2025-08-20 11:23:32,722 - INFO - --- Part2 보고서 3/3 생성 ---
2025-08-20 11:23:32,722 - INFO - 1. 보고서 생성 폼 접근...
2025-08-20 11:23:38,688 - INFO - 현재 URL: https://theterminalx.com/agent/enterprise/report/form/10
2025-08-20 11:23:38,688 - INFO - 2. 보고서 제목 입력...
2025-08-20 11:23:39,070 - INFO - 제목 입력: 20250820 100x Daily Wrap Part2 - Report 3
2025-08-20 11:23:39,070 - INFO - 3. 참조 날짜 설정...
2025-08-20 11:23:39,070 - INFO - 4. 프롬프트 내용 입력...
2025-08-20 11:24:31,233 - INFO - 프롬프트 내용 입력 완료
2025-08-20 11:24:31,233 - INFO - 5. PDF 파일 업로드...
2025-08-20 11:24:31,357 - INFO - Source PDF 업로드: 10_100x_Daily_Wrap_My_Sources_2_20250709.pdf
2025-08-20 11:24:31,387 - INFO - Prompt PDF 업로드: 21_100x_Daily_Wrap_Prompt_2_20250708.pdf
2025-08-20 11:24:33,388 - INFO - 6. 보고서 생성 실행...
2025-08-20 11:24:33,512 - INFO - 보고서 생성 버튼 클릭
2025-08-20 11:24:38,537 - INFO - 생성 후 URL: https://theterminalx.com/agent/enterprise/report/1203
2025-08-20 11:24:38,538 - INFO - ✅ 보고서 생성 시작 확인: https://theterminalx.com/agent/enterprise/report/1203
2025-08-20 11:24:38,538 - INFO - ✅ Part2 보고서 3 생성 성공
2025-08-20 11:24:41,538 - INFO - === 메인 보고서 생성 완료: 6/6개 성공 ===
2025-08-20 11:24:41,538 - INFO - === 아카이브에서 보고서 상태 확인 ===
2025-08-20 11:24:47,422 - INFO - 아카이브 페이지 접근 완료
2025-08-20 11:24:47,422 - INFO - 보고서 상태 확인 1/30...
2025-08-20 11:25:23,405 - INFO - 보고서 상태 확인 2/30...
2025-08-20 11:25:59,356 - INFO - 보고서 상태 확인 3/30...
2025-08-20 11:26:35,365 - INFO - 보고서 상태 확인 4/30...
2025-08-20 11:27:27,272 - INFO - 보고서 상태 확인 5/30...
2025-08-20 11:28:03,329 - INFO - 보고서 상태 확인 6/30...
2025-08-20 11:28:54,936 - INFO - 보고서 상태 확인 7/30...
2025-08-20 11:29:30,872 - INFO - 보고서 상태 확인 8/30...
2025-08-20 11:30:06,861 - INFO - 보고서 상태 확인 9/30...
2025-08-20 11:30:42,991 - INFO - 보고서 상태 확인 10/30...
2025-08-20 11:31:19,028 - INFO - 보고서 상태 확인 11/30...
2025-08-20 11:31:55,010 - INFO - 보고서 상태 확인 12/30...
2025-08-20 11:32:30,937 - INFO - 보고서 상태 확인 13/30...
2025-08-20 11:33:07,535 - INFO - 보고서 상태 확인 14/30...
2025-08-20 11:33:59,145 - INFO - 보고서 상태 확인 15/30...
2025-08-20 11:34:35,565 - INFO - 보고서 상태 확인 16/30...
2025-08-20 11:35:11,521 - INFO - 보고서 상태 확인 17/30...
2025-08-20 11:35:47,497 - INFO - 보고서 상태 확인 18/30...
2025-08-20 11:36:23,432 - INFO - 보고서 상태 확인 19/30...
2025-08-20 11:36:59,387 - INFO - 보고서 상태 확인 20/30...
2025-08-20 11:37:35,353 - INFO - 보고서 상태 확인 21/30...
2025-08-20 11:38:11,306 - INFO - 보고서 상태 확인 22/30...
2025-08-20 11:38:47,330 - INFO - 보고서 상태 확인 23/30...
2025-08-20 11:39:23,436 - INFO - 보고서 상태 확인 24/30...
2025-08-20 11:39:59,380 - INFO - 보고서 상태 확인 25/30...
2025-08-20 11:40:35,352 - INFO - 보고서 상태 확인 26/30...
2025-08-20 11:41:12,395 - INFO - 보고서 상태 확인 27/30...
2025-08-20 11:41:48,786 - INFO - 보고서 상태 확인 28/30...
2025-08-20 11:42:25,824 - INFO - 보고서 상태 확인 29/30...
2025-08-20 11:43:17,197 - INFO - 보고서 상태 확인 30/30...
2025-08-20 11:43:53,617 - WARNING - 보고서 완료 대기 타임아웃
2025-08-20 11:43:53,617 - WARNING - 완료된 보고서를 찾을 수 없음
2025-08-20 11:43:53,617 - INFO - === 부차적 6개 보고서 생성 ===
2025-08-20 11:43:53,617 - INFO - --- 부차적 보고서 1/6 생성: Top Gainers & Losers Analysis ---
2025-08-20 11:43:59,402 - INFO - 부차적 보고서 생성 시뮬레이션: Top Gainers & Losers Analysis
2025-08-20 11:43:59,402 - INFO - ✅ 부차적 보고서 1 생성 성공
2025-08-20 11:44:02,403 - INFO - --- 부차적 보고서 2/6 생성: Fixed Income Market Update ---
2025-08-20 11:44:07,917 - INFO - 부차적 보고서 생성 시뮬레이션: Fixed Income Market Update
2025-08-20 11:44:07,917 - INFO - ✅ 부차적 보고서 2 생성 성공
2025-08-20 11:44:10,918 - INFO - --- 부차적 보고서 3/6 생성: Major Investment Bank Updates ---
2025-08-20 11:44:16,596 - INFO - 부차적 보고서 생성 시뮬레이션: Major Investment Bank Updates
2025-08-20 11:44:16,596 - INFO - ✅ 부차적 보고서 3 생성 성공
2025-08-20 11:44:19,597 - INFO - --- 부차적 보고서 4/6 생성: Dark Pool & Political Flows ---
2025-08-20 11:44:25,276 - INFO - 부차적 보고서 생성 시뮬레이션: Dark Pool & Political Flows
2025-08-20 11:44:25,276 - INFO - ✅ 부차적 보고서 4 생성 성공
2025-08-20 11:44:28,277 - INFO - --- 부차적 보고서 5/6 생성: 11 GICS Sector Analysis ---
2025-08-20 11:44:33,955 - INFO - 부차적 보고서 생성 시뮬레이션: 11 GICS Sector Analysis
2025-08-20 11:44:33,955 - INFO - ✅ 부차적 보고서 5 생성 성공
2025-08-20 11:44:36,956 - INFO - --- 부차적 보고서 6/6 생성: 12 Key Tickers Performance ---
2025-08-20 11:44:42,649 - INFO - 부차적 보고서 생성 시뮬레이션: 12 Key Tickers Performance
2025-08-20 11:44:42,649 - INFO - ✅ 부차적 보고서 6 생성 성공
2025-08-20 11:44:45,649 - INFO - === 부차적 보고서 생성 완료: 6/6개 ===
2025-08-20 11:44:45,649 - INFO - === 전체 파이프라인 완료 ===
2025-08-20 11:44:45,649 - INFO - 브라우저를 5분간 열어둡니다 (수동 확인용)
