2025-08-20 00:02:43,990 - INFO - TerminalX 자격 증명 로드 완료
2025-08-20 00:02:43,990 - INFO - === 진짜 TerminalX 완전 파이프라인 시작 ===
2025-08-20 00:02:45,059 - INFO - Chrome 브라우저 설정 완료
2025-08-20 00:02:45,059 - INFO - === TerminalX 실제 로그인 시작 ===
2025-08-20 00:02:45,060 - INFO - 1. TerminalX 메인 페이지 접근...
2025-08-20 00:02:51,933 - INFO - 현재 URL: https://theterminalx.com/agent/enterprise
2025-08-20 00:02:51,933 - INFO - 2. 로그인 버튼 찾는 중...
2025-08-20 00:02:52,685 - INFO - 로그인 버튼 클릭 완료
2025-08-20 00:02:55,687 - INFO - 3. 로그인 폼 입력...
2025-08-20 00:02:55,824 - INFO - 이메일 입력:  meanstomakemewealthy@naver.com
2025-08-20 00:02:55,889 - INFO - 비밀번호 입력 완료
2025-08-20 00:02:55,932 - INFO - 로그인 실행
2025-08-20 00:02:55,933 - INFO - 5. 로그인 성공 확인...
2025-08-20 00:02:58,476 - INFO - === TerminalX 로그인 성공! ===
2025-08-20 00:03:00,476 - INFO - === 메인 보고서 6개 생성 시작 ===
2025-08-20 00:03:00,476 - INFO - --- Part1 보고서 1/3 생성 ---
2025-08-20 00:03:00,476 - INFO - 1. 보고서 생성 폼 접근...
2025-08-20 00:03:05,944 - INFO - 현재 URL: https://theterminalx.com/agent/enterprise/report/form/10
2025-08-20 00:03:05,944 - INFO - 2. 보고서 제목 입력...
2025-08-20 00:03:06,109 - INFO - 제목 입력: 20250820 100x Daily Wrap Part1 - Report 1
2025-08-20 00:03:06,109 - INFO - 3. 참조 날짜 설정...
2025-08-20 00:03:06,109 - INFO - 4. 프롬프트 내용 입력...
2025-08-20 00:03:33,221 - INFO - 프롬프트 내용 입력 완료
2025-08-20 00:03:33,221 - INFO - 5. PDF 파일 업로드...
2025-08-20 00:03:33,333 - INFO - Source PDF 업로드: 10_100x_Daily_Wrap_My_Sources_1_20250723.pdf
2025-08-20 00:03:33,351 - INFO - Prompt PDF 업로드: 21_100x_Daily_Wrap_Prompt_1_20250723.pdf
2025-08-20 00:03:35,352 - INFO - 6. 보고서 생성 실행...
2025-08-20 00:03:35,410 - INFO - 보고서 생성 버튼 클릭
2025-08-20 00:03:40,415 - INFO - 생성 후 URL: https://theterminalx.com/agent/enterprise/report/1186
2025-08-20 00:03:40,415 - INFO - ✅ 보고서 생성 시작 확인: https://theterminalx.com/agent/enterprise/report/1186
2025-08-20 00:03:40,417 - INFO - ✅ Part1 보고서 1 생성 성공
2025-08-20 00:03:43,417 - INFO - --- Part1 보고서 2/3 생성 ---
2025-08-20 00:03:43,417 - INFO - 1. 보고서 생성 폼 접근...
2025-08-20 00:03:49,085 - INFO - 현재 URL: https://theterminalx.com/agent/enterprise/report/form/10
2025-08-20 00:03:49,086 - INFO - 2. 보고서 제목 입력...
2025-08-20 00:03:49,340 - INFO - 제목 입력: 20250820 100x Daily Wrap Part1 - Report 2
2025-08-20 00:03:49,340 - INFO - 3. 참조 날짜 설정...
2025-08-20 00:03:49,340 - INFO - 4. 프롬프트 내용 입력...
2025-08-20 00:04:15,748 - INFO - 프롬프트 내용 입력 완료
2025-08-20 00:04:15,748 - INFO - 5. PDF 파일 업로드...
2025-08-20 00:04:15,795 - INFO - Source PDF 업로드: 10_100x_Daily_Wrap_My_Sources_1_20250723.pdf
2025-08-20 00:04:15,810 - INFO - Prompt PDF 업로드: 21_100x_Daily_Wrap_Prompt_1_20250723.pdf
2025-08-20 00:04:17,811 - INFO - 6. 보고서 생성 실행...
2025-08-20 00:04:17,860 - INFO - 보고서 생성 버튼 클릭
2025-08-20 00:04:22,864 - INFO - 생성 후 URL: https://theterminalx.com/agent/enterprise/report/1187
2025-08-20 00:04:22,864 - INFO - ✅ 보고서 생성 시작 확인: https://theterminalx.com/agent/enterprise/report/1187
2025-08-20 00:04:22,865 - INFO - ✅ Part1 보고서 2 생성 성공
2025-08-20 00:04:25,866 - INFO - --- Part1 보고서 3/3 생성 ---
2025-08-20 00:04:25,866 - INFO - 1. 보고서 생성 폼 접근...
2025-08-20 00:04:31,609 - INFO - 현재 URL: https://theterminalx.com/agent/enterprise/report/form/10
2025-08-20 00:04:31,609 - INFO - 2. 보고서 제목 입력...
2025-08-20 00:04:31,767 - INFO - 제목 입력: 20250820 100x Daily Wrap Part1 - Report 3
2025-08-20 00:04:31,767 - INFO - 3. 참조 날짜 설정...
2025-08-20 00:04:31,767 - INFO - 4. 프롬프트 내용 입력...
2025-08-20 00:04:58,212 - INFO - 프롬프트 내용 입력 완료
2025-08-20 00:04:58,212 - INFO - 5. PDF 파일 업로드...
2025-08-20 00:04:58,263 - INFO - Source PDF 업로드: 10_100x_Daily_Wrap_My_Sources_1_20250723.pdf
2025-08-20 00:04:58,283 - INFO - Prompt PDF 업로드: 21_100x_Daily_Wrap_Prompt_1_20250723.pdf
2025-08-20 00:05:00,284 - INFO - 6. 보고서 생성 실행...
2025-08-20 00:05:00,334 - INFO - 보고서 생성 버튼 클릭
2025-08-20 00:05:05,337 - INFO - 생성 후 URL: https://theterminalx.com/agent/enterprise/report/1188
2025-08-20 00:05:05,337 - INFO - ✅ 보고서 생성 시작 확인: https://theterminalx.com/agent/enterprise/report/1188
2025-08-20 00:05:05,338 - INFO - ✅ Part1 보고서 3 생성 성공
2025-08-20 00:05:08,339 - INFO - --- Part2 보고서 1/3 생성 ---
2025-08-20 00:05:08,339 - INFO - 1. 보고서 생성 폼 접근...
2025-08-20 00:05:14,021 - INFO - 현재 URL: https://theterminalx.com/agent/enterprise/report/form/10
2025-08-20 00:05:14,021 - INFO - 2. 보고서 제목 입력...
2025-08-20 00:05:14,222 - INFO - 제목 입력: 20250820 100x Daily Wrap Part2 - Report 1
2025-08-20 00:05:14,223 - INFO - 3. 참조 날짜 설정...
2025-08-20 00:05:14,223 - INFO - 4. 프롬프트 내용 입력...
2025-08-20 00:05:40,746 - INFO - 프롬프트 내용 입력 완료
2025-08-20 00:05:40,746 - INFO - 5. PDF 파일 업로드...
2025-08-20 00:05:40,885 - INFO - Source PDF 업로드: 10_100x_Daily_Wrap_My_Sources_2_20250709.pdf
2025-08-20 00:05:40,931 - INFO - Prompt PDF 업로드: 21_100x_Daily_Wrap_Prompt_2_20250708.pdf
2025-08-20 00:05:42,932 - INFO - 6. 보고서 생성 실행...
2025-08-20 00:05:42,978 - INFO - 보고서 생성 버튼 클릭
2025-08-20 00:05:47,981 - INFO - 생성 후 URL: https://theterminalx.com/agent/enterprise/report/1189
2025-08-20 00:05:47,982 - INFO - ✅ 보고서 생성 시작 확인: https://theterminalx.com/agent/enterprise/report/1189
2025-08-20 00:05:47,982 - INFO - ✅ Part2 보고서 1 생성 성공
2025-08-20 00:05:50,984 - INFO - --- Part2 보고서 2/3 생성 ---
2025-08-20 00:05:50,984 - INFO - 1. 보고서 생성 폼 접근...
2025-08-20 00:05:56,990 - INFO - 현재 URL: https://theterminalx.com/agent/enterprise/report/form/10
2025-08-20 00:05:56,990 - INFO - 2. 보고서 제목 입력...
2025-08-20 00:05:57,182 - INFO - 제목 입력: 20250820 100x Daily Wrap Part2 - Report 2
2025-08-20 00:05:57,182 - INFO - 3. 참조 날짜 설정...
2025-08-20 00:05:57,182 - INFO - 4. 프롬프트 내용 입력...
2025-08-20 00:06:22,955 - INFO - 프롬프트 내용 입력 완료
2025-08-20 00:06:22,955 - INFO - 5. PDF 파일 업로드...
2025-08-20 00:06:23,026 - INFO - Source PDF 업로드: 10_100x_Daily_Wrap_My_Sources_2_20250709.pdf
2025-08-20 00:06:23,041 - INFO - Prompt PDF 업로드: 21_100x_Daily_Wrap_Prompt_2_20250708.pdf
2025-08-20 00:06:25,043 - INFO - 6. 보고서 생성 실행...
2025-08-20 00:06:25,091 - INFO - 보고서 생성 버튼 클릭
2025-08-20 00:06:30,095 - INFO - 생성 후 URL: https://theterminalx.com/agent/enterprise/report/1190
2025-08-20 00:06:30,095 - INFO - ✅ 보고서 생성 시작 확인: https://theterminalx.com/agent/enterprise/report/1190
2025-08-20 00:06:30,095 - INFO - ✅ Part2 보고서 2 생성 성공
2025-08-20 00:06:33,097 - INFO - --- Part2 보고서 3/3 생성 ---
2025-08-20 00:06:33,097 - INFO - 1. 보고서 생성 폼 접근...
2025-08-20 00:06:38,837 - INFO - 현재 URL: https://theterminalx.com/agent/enterprise/report/form/10
2025-08-20 00:06:38,838 - INFO - 2. 보고서 제목 입력...
2025-08-20 00:06:38,993 - INFO - 제목 입력: 20250820 100x Daily Wrap Part2 - Report 3
2025-08-20 00:06:38,993 - INFO - 3. 참조 날짜 설정...
2025-08-20 00:06:38,993 - INFO - 4. 프롬프트 내용 입력...
2025-08-20 00:07:04,599 - INFO - 프롬프트 내용 입력 완료
2025-08-20 00:07:04,599 - INFO - 5. PDF 파일 업로드...
2025-08-20 00:07:04,677 - INFO - Source PDF 업로드: 10_100x_Daily_Wrap_My_Sources_2_20250709.pdf
2025-08-20 00:07:04,692 - INFO - Prompt PDF 업로드: 21_100x_Daily_Wrap_Prompt_2_20250708.pdf
2025-08-20 00:07:06,693 - INFO - 6. 보고서 생성 실행...
2025-08-20 00:07:06,737 - INFO - 보고서 생성 버튼 클릭
2025-08-20 00:07:11,742 - INFO - 생성 후 URL: https://theterminalx.com/agent/enterprise/report/1191
2025-08-20 00:07:11,742 - INFO - ✅ 보고서 생성 시작 확인: https://theterminalx.com/agent/enterprise/report/1191
2025-08-20 00:07:11,742 - INFO - ✅ Part2 보고서 3 생성 성공
2025-08-20 00:07:14,743 - INFO - === 메인 보고서 생성 완료: 6/6개 성공 ===
2025-08-20 00:07:14,743 - INFO - === 아카이브에서 보고서 상태 확인 ===
2025-08-20 00:07:20,358 - INFO - 아카이브 페이지 접근 완료
2025-08-20 00:07:20,358 - INFO - 보고서 상태 확인 1/30...
2025-08-20 00:08:03,079 - INFO - 보고서 상태 확인 2/30...
2025-08-20 00:08:45,801 - INFO - 보고서 상태 확인 3/30...
2025-08-20 00:09:21,563 - INFO - 보고서 상태 확인 4/30...
2025-08-20 00:10:04,249 - INFO - 보고서 상태 확인 5/30...
2025-08-20 00:10:40,063 - INFO - 보고서 상태 확인 6/30...
2025-08-20 00:11:22,787 - INFO - 보고서 상태 확인 7/30...
2025-08-20 00:12:05,456 - INFO - 보고서 상태 확인 8/30...
2025-08-20 00:12:48,281 - INFO - 보고서 상태 확인 9/30...
2025-08-20 00:13:30,995 - INFO - 보고서 상태 확인 10/30...
2025-08-20 00:14:13,799 - INFO - 보고서 상태 확인 11/30...
2025-08-20 00:14:56,635 - INFO - 보고서 상태 확인 12/30...
2025-08-20 00:15:39,371 - INFO - 보고서 상태 확인 13/30...
